<?xml version="1.0" encoding="UTF-8"?>
<testsuite xmlns:xsi="http://www.w3.org/2001/XMLSchema-instance" xsi:noNamespaceSchemaLocation="https://maven.apache.org/surefire/maven-surefire-plugin/xsd/surefire-test-report.xsd" name="runner.com.br.TestRunner" time="0.353" tests="66" errors="0" skipped="56" failures="0">
  <properties>
    <property name="sun.desktop" value="windows"/>
    <property name="awt.toolkit" value="sun.awt.windows.WToolkit"/>
    <property name="file.encoding.pkg" value="sun.io"/>
    <property name="java.specification.version" value="1.8"/>
    <property name="sun.cpu.isalist" value="amd64"/>
    <property name="sun.jnu.encoding" value="Cp1252"/>
    <property name="java.class.path" value="C:\WebMotorsApi\WebMotorsAPI\target\test-classes;C:\WebMotorsApi\WebMotorsAPI\target\classes;C:\Users\amanda.nascimento\.m2\repository\junit\junit\4.12\junit-4.12.jar;C:\Users\amanda.nascimento\.m2\repository\org\hamcrest\hamcrest-core\1.3\hamcrest-core-1.3.jar;C:\Users\amanda.nascimento\.m2\repository\org\hamcrest\hamcrest-all\1.3\hamcrest-all-1.3.jar;C:\Users\amanda.nascimento\.m2\repository\io\rest-assured\rest-assured\4.2.0\rest-assured-4.2.0.jar;C:\Users\amanda.nascimento\.m2\repository\org\codehaus\groovy\groovy\2.5.8\groovy-2.5.8.jar;C:\Users\amanda.nascimento\.m2\repository\org\codehaus\groovy\groovy-xml\2.5.8\groovy-xml-2.5.8.jar;C:\Users\amanda.nascimento\.m2\repository\org\apache\httpcomponents\httpclient\4.5.3\httpclient-4.5.3.jar;C:\Users\amanda.nascimento\.m2\repository\org\apache\httpcomponents\httpcore\4.4.6\httpcore-4.4.6.jar;C:\Users\amanda.nascimento\.m2\repository\commons-logging\commons-logging\1.2\commons-logging-1.2.jar;C:\Users\amanda.nascimento\.m2\repository\commons-codec\commons-codec\1.9\commons-codec-1.9.jar;C:\Users\amanda.nascimento\.m2\repository\org\apache\httpcomponents\httpmime\4.5.3\httpmime-4.5.3.jar;C:\Users\amanda.nascimento\.m2\repository\org\hamcrest\hamcrest\2.1\hamcrest-2.1.jar;C:\Users\amanda.nascimento\.m2\repository\org\ccil\cowan\tagsoup\tagsoup\1.2.1\tagsoup-1.2.1.jar;C:\Users\amanda.nascimento\.m2\repository\io\rest-assured\json-path\4.2.0\json-path-4.2.0.jar;C:\Users\amanda.nascimento\.m2\repository\org\codehaus\groovy\groovy-json\2.5.8\groovy-json-2.5.8.jar;C:\Users\amanda.nascimento\.m2\repository\io\rest-assured\rest-assured-common\4.2.0\rest-assured-common-4.2.0.jar;C:\Users\amanda.nascimento\.m2\repository\io\rest-assured\xml-path\4.2.0\xml-path-4.2.0.jar;C:\Users\amanda.nascimento\.m2\repository\org\apache\commons\commons-lang3\3.4\commons-lang3-3.4.jar;C:\Users\amanda.nascimento\.m2\repository\jakarta\xml\bind\jakarta.xml.bind-api\2.3.2\jakarta.xml.bind-api-2.3.2.jar;C:\Users\amanda.nascimento\.m2\repository\jakarta\activation\jakarta.activation-api\1.2.1\jakarta.activation-api-1.2.1.jar;C:\Users\amanda.nascimento\.m2\repository\com\sun\xml\bind\jaxb-osgi\2.3.0.1\jaxb-osgi-2.3.0.1.jar;C:\Users\amanda.nascimento\.m2\repository\org\apache\sling\org.apache.sling.javax.activation\0.1.0\org.apache.sling.javax.activation-0.1.0.jar;C:\Users\amanda.nascimento\.m2\repository\com\github\fge\json-schema-validator\2.2.6\json-schema-validator-2.2.6.jar;C:\Users\amanda.nascimento\.m2\repository\com\google\code\findbugs\jsr305\3.0.0\jsr305-3.0.0.jar;C:\Users\amanda.nascimento\.m2\repository\joda-time\joda-time\2.3\joda-time-2.3.jar;C:\Users\amanda.nascimento\.m2\repository\com\googlecode\libphonenumber\libphonenumber\6.2\libphonenumber-6.2.jar;C:\Users\amanda.nascimento\.m2\repository\com\github\fge\json-schema-core\1.2.5\json-schema-core-1.2.5.jar;C:\Users\amanda.nascimento\.m2\repository\com\github\fge\uri-template\0.9\uri-template-0.9.jar;C:\Users\amanda.nascimento\.m2\repository\com\github\fge\msg-simple\1.1\msg-simple-1.1.jar;C:\Users\amanda.nascimento\.m2\repository\com\github\fge\btf\1.2\btf-1.2.jar;C:\Users\amanda.nascimento\.m2\repository\com\google\guava\guava\16.0.1\guava-16.0.1.jar;C:\Users\amanda.nascimento\.m2\repository\com\github\fge\jackson-coreutils\1.8\jackson-coreutils-1.8.jar;C:\Users\amanda.nascimento\.m2\repository\com\fasterxml\jackson\core\jackson-databind\2.2.3\jackson-databind-2.2.3.jar;C:\Users\amanda.nascimento\.m2\repository\com\fasterxml\jackson\core\jackson-annotations\2.2.3\jackson-annotations-2.2.3.jar;C:\Users\amanda.nascimento\.m2\repository\com\fasterxml\jackson\core\jackson-core\2.2.3\jackson-core-2.2.3.jar;C:\Users\amanda.nascimento\.m2\repository\org\mozilla\rhino\1.7R4\rhino-1.7R4.jar;C:\Users\amanda.nascimento\.m2\repository\javax\mail\mailapi\1.4.3\mailapi-1.4.3.jar;C:\Users\amanda.nascimento\.m2\repository\javax\activation\activation\1.1\activation-1.1.jar;C:\Users\amanda.nascimento\.m2\repository\net\sf\jopt-simple\jopt-simple\4.6\jopt-simple-4.6.jar;C:\Users\amanda.nascimento\.m2\repository\info\cukes\cucumber-java\1.2.4\cucumber-java-1.2.4.jar;C:\Users\amanda.nascimento\.m2\repository\info\cukes\cucumber-core\1.2.4\cucumber-core-1.2.4.jar;C:\Users\amanda.nascimento\.m2\repository\info\cukes\cucumber-html\0.2.3\cucumber-html-0.2.3.jar;C:\Users\amanda.nascimento\.m2\repository\info\cukes\cucumber-jvm-deps\1.0.5\cucumber-jvm-deps-1.0.5.jar;C:\Users\amanda.nascimento\.m2\repository\info\cukes\gherkin\2.12.2\gherkin-2.12.2.jar;C:\Users\amanda.nascimento\.m2\repository\info\cukes\cucumber-junit\1.2.4\cucumber-junit-1.2.4.jar;"/>
    <property name="java.vm.vendor" value="Oracle Corporation"/>
    <property name="sun.arch.data.model" value="64"/>
    <property name="user.variant" value=""/>
    <property name="java.vendor.url" value="http://java.oracle.com/"/>
    <property name="user.timezone" value="America/Sao_Paulo"/>
    <property name="java.vm.specification.version" value="1.8"/>
    <property name="os.name" value="Windows 10"/>
    <property name="user.country" value="BR"/>
    <property name="sun.java.launcher" value="SUN_STANDARD"/>
    <property name="sun.boot.library.path" value="C:\Program Files\Java\jdk1.8.0_251\jre\bin"/>
    <property name="sun.java.command" value="C:\Users\AMANDA~1.NAS\AppData\Local\Temp\surefire4882666107897339827\surefirebooter3837609967939603914.jar C:\Users\amanda.nascimento\AppData\Local\Temp\surefire4882666107897339827 2020-11-22T18-33-57_963-jvmRun1 surefire7152628544693849525tmp surefire_0295814681414180129tmp"/>
    <property name="surefire.test.class.path" value="C:\WebMotorsApi\WebMotorsAPI\target\test-classes;C:\WebMotorsApi\WebMotorsAPI\target\classes;C:\Users\amanda.nascimento\.m2\repository\junit\junit\4.12\junit-4.12.jar;C:\Users\amanda.nascimento\.m2\repository\org\hamcrest\hamcrest-core\1.3\hamcrest-core-1.3.jar;C:\Users\amanda.nascimento\.m2\repository\org\hamcrest\hamcrest-all\1.3\hamcrest-all-1.3.jar;C:\Users\amanda.nascimento\.m2\repository\io\rest-assured\rest-assured\4.2.0\rest-assured-4.2.0.jar;C:\Users\amanda.nascimento\.m2\repository\org\codehaus\groovy\groovy\2.5.8\groovy-2.5.8.jar;C:\Users\amanda.nascimento\.m2\repository\org\codehaus\groovy\groovy-xml\2.5.8\groovy-xml-2.5.8.jar;C:\Users\amanda.nascimento\.m2\repository\org\apache\httpcomponents\httpclient\4.5.3\httpclient-4.5.3.jar;C:\Users\amanda.nascimento\.m2\repository\org\apache\httpcomponents\httpcore\4.4.6\httpcore-4.4.6.jar;C:\Users\amanda.nascimento\.m2\repository\commons-logging\commons-logging\1.2\commons-logging-1.2.jar;C:\Users\amanda.nascimento\.m2\repository\commons-codec\commons-codec\1.9\commons-codec-1.9.jar;C:\Users\amanda.nascimento\.m2\repository\org\apache\httpcomponents\httpmime\4.5.3\httpmime-4.5.3.jar;C:\Users\amanda.nascimento\.m2\repository\org\hamcrest\hamcrest\2.1\hamcrest-2.1.jar;C:\Users\amanda.nascimento\.m2\repository\org\ccil\cowan\tagsoup\tagsoup\1.2.1\tagsoup-1.2.1.jar;C:\Users\amanda.nascimento\.m2\repository\io\rest-assured\json-path\4.2.0\json-path-4.2.0.jar;C:\Users\amanda.nascimento\.m2\repository\org\codehaus\groovy\groovy-json\2.5.8\groovy-json-2.5.8.jar;C:\Users\amanda.nascimento\.m2\repository\io\rest-assured\rest-assured-common\4.2.0\rest-assured-common-4.2.0.jar;C:\Users\amanda.nascimento\.m2\repository\io\rest-assured\xml-path\4.2.0\xml-path-4.2.0.jar;C:\Users\amanda.nascimento\.m2\repository\org\apache\commons\commons-lang3\3.4\commons-lang3-3.4.jar;C:\Users\amanda.nascimento\.m2\repository\jakarta\xml\bind\jakarta.xml.bind-api\2.3.2\jakarta.xml.bind-api-2.3.2.jar;C:\Users\amanda.nascimento\.m2\repository\jakarta\activation\jakarta.activation-api\1.2.1\jakarta.activation-api-1.2.1.jar;C:\Users\amanda.nascimento\.m2\repository\com\sun\xml\bind\jaxb-osgi\2.3.0.1\jaxb-osgi-2.3.0.1.jar;C:\Users\amanda.nascimento\.m2\repository\org\apache\sling\org.apache.sling.javax.activation\0.1.0\org.apache.sling.javax.activation-0.1.0.jar;C:\Users\amanda.nascimento\.m2\repository\com\github\fge\json-schema-validator\2.2.6\json-schema-validator-2.2.6.jar;C:\Users\amanda.nascimento\.m2\repository\com\google\code\findbugs\jsr305\3.0.0\jsr305-3.0.0.jar;C:\Users\amanda.nascimento\.m2\repository\joda-time\joda-time\2.3\joda-time-2.3.jar;C:\Users\amanda.nascimento\.m2\repository\com\googlecode\libphonenumber\libphonenumber\6.2\libphonenumber-6.2.jar;C:\Users\amanda.nascimento\.m2\repository\com\github\fge\json-schema-core\1.2.5\json-schema-core-1.2.5.jar;C:\Users\amanda.nascimento\.m2\repository\com\github\fge\uri-template\0.9\uri-template-0.9.jar;C:\Users\amanda.nascimento\.m2\repository\com\github\fge\msg-simple\1.1\msg-simple-1.1.jar;C:\Users\amanda.nascimento\.m2\repository\com\github\fge\btf\1.2\btf-1.2.jar;C:\Users\amanda.nascimento\.m2\repository\com\google\guava\guava\16.0.1\guava-16.0.1.jar;C:\Users\amanda.nascimento\.m2\repository\com\github\fge\jackson-coreutils\1.8\jackson-coreutils-1.8.jar;C:\Users\amanda.nascimento\.m2\repository\com\fasterxml\jackson\core\jackson-databind\2.2.3\jackson-databind-2.2.3.jar;C:\Users\amanda.nascimento\.m2\repository\com\fasterxml\jackson\core\jackson-annotations\2.2.3\jackson-annotations-2.2.3.jar;C:\Users\amanda.nascimento\.m2\repository\com\fasterxml\jackson\core\jackson-core\2.2.3\jackson-core-2.2.3.jar;C:\Users\amanda.nascimento\.m2\repository\org\mozilla\rhino\1.7R4\rhino-1.7R4.jar;C:\Users\amanda.nascimento\.m2\repository\javax\mail\mailapi\1.4.3\mailapi-1.4.3.jar;C:\Users\amanda.nascimento\.m2\repository\javax\activation\activation\1.1\activation-1.1.jar;C:\Users\amanda.nascimento\.m2\repository\net\sf\jopt-simple\jopt-simple\4.6\jopt-simple-4.6.jar;C:\Users\amanda.nascimento\.m2\repository\info\cukes\cucumber-java\1.2.4\cucumber-java-1.2.4.jar;C:\Users\amanda.nascimento\.m2\repository\info\cukes\cucumber-core\1.2.4\cucumber-core-1.2.4.jar;C:\Users\amanda.nascimento\.m2\repository\info\cukes\cucumber-html\0.2.3\cucumber-html-0.2.3.jar;C:\Users\amanda.nascimento\.m2\repository\info\cukes\cucumber-jvm-deps\1.0.5\cucumber-jvm-deps-1.0.5.jar;C:\Users\amanda.nascimento\.m2\repository\info\cukes\gherkin\2.12.2\gherkin-2.12.2.jar;C:\Users\amanda.nascimento\.m2\repository\info\cukes\cucumber-junit\1.2.4\cucumber-junit-1.2.4.jar;"/>
    <property name="sun.cpu.endian" value="little"/>
    <property name="user.home" value="C:\Users\amanda.nascimento"/>
    <property name="user.language" value="pt"/>
    <property name="java.specification.vendor" value="Oracle Corporation"/>
    <property name="java.home" value="C:\Program Files\Java\jdk1.8.0_251\jre"/>
    <property name="basedir" value="C:\WebMotorsApi\WebMotorsAPI"/>
    <property name="file.separator" value="\"/>
    <property name="line.separator" value="&#10;"/>
    <property name="java.vm.specification.vendor" value="Oracle Corporation"/>
    <property name="java.specification.name" value="Java Platform API Specification"/>
    <property name="java.awt.graphicsenv" value="sun.awt.Win32GraphicsEnvironment"/>
    <property name="surefire.real.class.path" value="C:\Users\AMANDA~1.NAS\AppData\Local\Temp\surefire4882666107897339827\surefirebooter3837609967939603914.jar"/>
    <property name="sun.boot.class.path" value="C:\Program Files\Java\jdk1.8.0_251\jre\lib\resources.jar;C:\Program Files\Java\jdk1.8.0_251\jre\lib\rt.jar;C:\Program Files\Java\jdk1.8.0_251\jre\lib\sunrsasign.jar;C:\Program Files\Java\jdk1.8.0_251\jre\lib\jsse.jar;C:\Program Files\Java\jdk1.8.0_251\jre\lib\jce.jar;C:\Program Files\Java\jdk1.8.0_251\jre\lib\charsets.jar;C:\Program Files\Java\jdk1.8.0_251\jre\lib\jfr.jar;C:\Program Files\Java\jdk1.8.0_251\jre\classes"/>
    <property name="user.script" value=""/>
    <property name="sun.management.compiler" value="HotSpot 64-Bit Tiered Compilers"/>
    <property name="java.runtime.version" value="1.8.0_251-b08"/>
    <property name="user.name" value="amanda.nascimento"/>
    <property name="path.separator" value=";"/>
    <property name="os.version" value="10.0"/>
    <property name="java.endorsed.dirs" value="C:\Program Files\Java\jdk1.8.0_251\jre\lib\endorsed"/>
    <property name="java.runtime.name" value="Java(TM) SE Runtime Environment"/>
    <property name="file.encoding" value="Cp1252"/>
    <property name="java.vm.name" value="Java HotSpot(TM) 64-Bit Server VM"/>
    <property name="localRepository" value="C:\Users\amanda.nascimento\.m2\repository"/>
    <property name="java.vendor.url.bug" value="http://bugreport.sun.com/bugreport/"/>
    <property name="java.io.tmpdir" value="C:\Users\AMANDA~1.NAS\AppData\Local\Temp\"/>
    <property name="java.version" value="1.8.0_251"/>
    <property name="user.dir" value="C:\WebMotorsApi\WebMotorsAPI"/>
    <property name="os.arch" value="amd64"/>
    <property name="java.vm.specification.name" value="Java Virtual Machine Specification"/>
    <property name="java.awt.printerjob" value="sun.awt.windows.WPrinterJob"/>
    <property name="sun.os.patch.level" value=""/>
    <property name="java.library.path" value="C:\Program Files\Java\jdk1.8.0_251\jre\bin;C:\Windows\Sun\Java\bin;C:\Windows\system32;C:\Windows;C:/Program Files/Java/jdk1.8.0_251/bin/../jre/bin/server;C:/Program Files/Java/jdk1.8.0_251/bin/../jre/bin;C:/Program Files/Java/jdk1.8.0_251/bin/../jre/lib/amd64;C:\Windows\system32;C:\Windows;C:\Windows\System32\Wbem;C:\Windows\System32\WindowsPowerShell\v1.0\;C:\Windows\System32\OpenSSH\;C:\Program Files (x86)\NVIDIA Corporation\PhysX\Common;C:\Program Files\NVIDIA Corporation\NVIDIA NvDLISR;C:\Program Files\nodejs\;C:\ProgramData\chocolatey\bin;C:\Program Files (x86)\Yarn\bin\;C:\Program Files\Docker\Docker\resources\bin;C:\ProgramData\DockerDesktop\version-bin;C:\Program Files\Git\cmd;C:\maven\apache-maven-3.6.3\bin;C:\Program Files\Java\jdk1.8.0_251\bin;C:\Users\amanda.nascimento\AppData\Local\Android\Sdk\tools;C:\Users\amanda.nascimento\AppData\Local\Android\Sdk\tools\bin;C:\Users\amanda.nascimento\AppData\Local\Android\Sdk\platform-tools;C:\Users\amanda.nascimento\AppData\Local\Programs\Python\Python39\;C:\Users\amanda.nascimento\AppData\Local\Programs\Python\Python39\Scripts\;C:\Program Files\dotnet\;C:\Program Files\Microsoft SQL Server\130\Tools\Binn\;C:\Program Files\Microsoft SQL Server\Client SDK\ODBC\170\Tools\Binn\;C:\Ruby24-x64\bin;C:\Ruby26-x64\bin;C:\Program Files (x86)\Common Files\Oracle\Java\javapath;C:\Python27\;C:\Python27\Scripts;C:\Windows\system32;C:\Windows;C:\Windows\System32\Wbem;C:\Windows\System32\WindowsPowerShell\v1.0\;C:\Windows\System32\OpenSSH\;C:\Program Files (x86)\NVIDIA Corporation\PhysX\Common;C:\Program Files\NVIDIA Corporation\NVIDIA NvDLISR;C:\Program Files\nodejs\;C:\ProgramData\chocolatey\bin;C:\Program Files (x86)\Yarn\bin\;C:\Program Files\Docker\Docker\resources\bin;C:\ProgramData\DockerDesktop\version-bin;C:\Program Files\Git\cmd;C:\maven\apache-maven-3.6.3\bin;C:\Program Files\Java\jdk1.8.0_251\bin;C:\Users\amanda.nascimento\AppData\Local\Android\Sdk\tools;C:\Users\amanda.nascimento\AppData\Local\Android\Sdk\tools\bin;C:\Users\amanda.nascimento\AppData\Local\Android\Sdk\platform-tools;C:\Users\amanda.nascimento\AppData\Local\Programs\Microsoft VS Code\bin;C:\Users\amanda.nascimento\AppData\Local\atom\bin;C:\Users\amanda.nascimento\.dotnet\tools;C:\Users\amanda.nascimento\Desktop;;."/>
    <property name="java.vm.info" value="mixed mode"/>
    <property name="java.vendor" value="Oracle Corporation"/>
    <property name="java.vm.version" value="25.251-b08"/>
    <property name="java.ext.dirs" value="C:\Program Files\Java\jdk1.8.0_251\jre\lib\ext;C:\Windows\Sun\Java\lib\ext"/>
    <property name="sun.io.unicode.encoding" value="UnicodeLittle"/>
    <property name="java.class.version" value="52.0"/>
  </properties>
  <testcase name="Dado que envio um GET para o endPoint &quot;/api/OnlineChallenge/Make&quot;" classname="Cenario: API para recuperar marcas cadastradas na webmotors" time="0">
    <skipped/>
    <system-out><![CDATA[#language: pt
#Autor: mandy.thiago2511@gmail.com
@GETS
Funcionalidade: Valida buscas realizadas
  Eu como usuario
  Quero validar as buscas de marca, modelo, versão e estoque
*** Iniciando os testes de API
]]></system-out>
  </testcase>
  <testcase name="E o Response Code me retorna status &quot;200&quot;" classname="Cenario: API para recuperar marcas cadastradas na webmotors" time="0">
    <skipped/>
  </testcase>
  <testcase name="Então valido o Schema" classname="Cenario: API para recuperar marcas cadastradas na webmotors" time="0">
    <skipped/>
  </testcase>
  <testcase name="Cenario: API para recuperar marcas cadastradas na webmotors" classname="Cenario: API para recuperar marcas cadastradas na webmotors" time="0">
    <skipped/>
    <system-out><![CDATA[*** Fim dos testes
]]></system-out>
  </testcase>
  <testcase name="Cenario: API para recuperar marcas cadastradas na webmotors" classname="Cenario: API para recuperar marcas cadastradas na webmotors" time="0.012"/>
  <testcase name="Dado que envio um GET para o endPoint &quot;/api/OnlineChallenge/Model&quot;" classname="Cenario: API para recuperar modelos cadastradas na webmotors" time="0">
    <skipped/>
    <system-out><![CDATA[*** Iniciando os testes de API

  @CT01 @POSITIVO
  Cenario: API para recuperar marcas cadastradas na webmotors         # GetAPIWebMotors.feature:9
    Dado que envio um GET para o endPoint "/api/OnlineChallenge/Make"
    E o Response Code me retorna status "200"
    Então valido o Schema
]]></system-out>
  </testcase>
  <testcase name="E envio o parâmetro &quot;MakeID&quot; com valor &quot;2&quot;" classname="Cenario: API para recuperar modelos cadastradas na webmotors" time="0">
    <skipped/>
  </testcase>
  <testcase name="E o Response Code me retorna status &quot;200&quot;" classname="Cenario: API para recuperar modelos cadastradas na webmotors" time="0">
    <skipped/>
  </testcase>
  <testcase name="Então valido o Schema" classname="Cenario: API para recuperar modelos cadastradas na webmotors" time="0">
    <skipped/>
  </testcase>
  <testcase name="Cenario: API para recuperar modelos cadastradas na webmotors" classname="Cenario: API para recuperar modelos cadastradas na webmotors" time="0">
    <skipped/>
    <system-out><![CDATA[*** Fim dos testes
]]></system-out>
  </testcase>
  <testcase name="Cenario: API para recuperar modelos cadastradas na webmotors" classname="Cenario: API para recuperar modelos cadastradas na webmotors" time="0.005"/>
  <testcase name="Dado que envio um GET para o endPoint &quot;/api/OnlineChallenge/Version&quot;" classname="Cenario: API para recuperar versões cadastradas na webmotors" time="0">
    <skipped/>
    <system-out><![CDATA[*** Iniciando os testes de API

  @CT02 @POSITIVO
  Cenario: API para recuperar modelos cadastradas na webmotors         # GetAPIWebMotors.feature:15
    Dado que envio um GET para o endPoint "/api/OnlineChallenge/Model"
    E envio o parâmetro "MakeID" com valor "2"
    E o Response Code me retorna status "200"
    Então valido o Schema
]]></system-out>
  </testcase>
  <testcase name="E envio o parâmetro &quot;ModelID&quot; com valor &quot;4&quot;" classname="Cenario: API para recuperar versões cadastradas na webmotors" time="0">
    <skipped/>
  </testcase>
  <testcase name="E o Response Code me retorna status &quot;200&quot;" classname="Cenario: API para recuperar versões cadastradas na webmotors" time="0">
    <skipped/>
  </testcase>
  <testcase name="Então valido o Schema" classname="Cenario: API para recuperar versões cadastradas na webmotors" time="0">
    <skipped/>
  </testcase>
  <testcase name="Cenario: API para recuperar versões cadastradas na webmotors" classname="Cenario: API para recuperar versões cadastradas na webmotors" time="0">
    <skipped/>
    <system-out><![CDATA[*** Fim dos testes
]]></system-out>
  </testcase>
  <testcase name="Cenario: API para recuperar versões cadastradas na webmotors" classname="Cenario: API para recuperar versões cadastradas na webmotors" time="0.004"/>
  <testcase name="Dado que envio um GET para o endPoint &quot;/api/OnlineChallenge/Vehicles&quot;" classname="| &quot;1&quot; | &quot;200&quot; | &quot;10&quot; |" time="0">
    <skipped/>
    <system-out><![CDATA[
  @CT03 @POSITIVO
  Cenario: API para recuperar versões cadastradas na webmotors           # GetAPIWebMotors.feature:22
    Dado que envio um GET para o endPoint "/api/OnlineChallenge/Version"
    E envio o parâmetro "ModelID" com valor "4"
    E o Response Code me retorna status "200"
    Então valido o Schema

  @CT04 @POSITIVO
  Esquema do Cenario: API para recuperar paginas dos veiculos cadastrados na webmotors # GetAPIWebMotors.feature:29
    Dado que envio um GET para o endPoint "/api/OnlineChallenge/Vehicles"
    E envio o parâmetro do numero da pagina <pagina>
    E deve ser retornado no Responde Code o Status Code <statusCode>
    E valido a quantidade de veiculos <quantidade>
    Então valido o Schema

    Exemplos: 
*** Iniciando os testes de API
]]></system-out>
  </testcase>
  <testcase name="E envio o parâmetro do numero da pagina &quot;1&quot;" classname="| &quot;1&quot; | &quot;200&quot; | &quot;10&quot; |" time="0">
    <skipped/>
  </testcase>
  <testcase name="E deve ser retornado no Responde Code o Status Code &quot;200&quot;" classname="| &quot;1&quot; | &quot;200&quot; | &quot;10&quot; |" time="0">
    <skipped/>
  </testcase>
  <testcase name="E valido a quantidade de veiculos &quot;10&quot;" classname="| &quot;1&quot; | &quot;200&quot; | &quot;10&quot; |" time="0">
    <skipped/>
  </testcase>
  <testcase name="Então valido o Schema" classname="| &quot;1&quot; | &quot;200&quot; | &quot;10&quot; |" time="0">
    <skipped/>
  </testcase>
  <testcase name="| &quot;1&quot; | &quot;200&quot; | &quot;10&quot; |" classname="| &quot;1&quot; | &quot;200&quot; | &quot;10&quot; |" time="0">
    <skipped/>
    <system-out><![CDATA[*** Fim dos testes
]]></system-out>
  </testcase>
  <testcase name="| &quot;1&quot; | &quot;200&quot; | &quot;10&quot; |" classname="| &quot;1&quot; | &quot;200&quot; | &quot;10&quot; |" time="0.004"/>
  <testcase name="Dado que envio um GET para o endPoint &quot;/api/OnlineChallenge/Vehicles&quot;" classname="| &quot;2&quot; | &quot;200&quot; | &quot;10&quot; |" time="0">
    <skipped/>
    <system-out><![CDATA[*** Iniciando os testes de API

  @CT04 @POSITIVO @GETS
  Esquema do Cenario: API para recuperar paginas dos veiculos cadastrados na webmotors # GetAPIWebMotors.feature:38
    Dado que envio um GET para o endPoint "/api/OnlineChallenge/Vehicles"
    E envio o parâmetro do numero da pagina "1"
    E deve ser retornado no Responde Code o Status Code "200"
    E valido a quantidade de veiculos "10"
    Então valido o Schema
]]></system-out>
  </testcase>
  <testcase name="E envio o parâmetro do numero da pagina &quot;2&quot;" classname="| &quot;2&quot; | &quot;200&quot; | &quot;10&quot; |" time="0">
    <skipped/>
  </testcase>
  <testcase name="E deve ser retornado no Responde Code o Status Code &quot;200&quot;" classname="| &quot;2&quot; | &quot;200&quot; | &quot;10&quot; |" time="0">
    <skipped/>
  </testcase>
  <testcase name="E valido a quantidade de veiculos &quot;10&quot;" classname="| &quot;2&quot; | &quot;200&quot; | &quot;10&quot; |" time="0">
    <skipped/>
  </testcase>
  <testcase name="Então valido o Schema" classname="| &quot;2&quot; | &quot;200&quot; | &quot;10&quot; |" time="0">
    <skipped/>
  </testcase>
  <testcase name="| &quot;2&quot; | &quot;200&quot; | &quot;10&quot; |" classname="| &quot;2&quot; | &quot;200&quot; | &quot;10&quot; |" time="0">
    <skipped/>
    <system-out><![CDATA[*** Fim dos testes
]]></system-out>
  </testcase>
  <testcase name="| &quot;2&quot; | &quot;200&quot; | &quot;10&quot; |" classname="| &quot;2&quot; | &quot;200&quot; | &quot;10&quot; |" time="0.004"/>
  <testcase name="Dado que envio um GET para o endPoint &quot;/api/OnlineChallenge/Vehicles&quot;" classname="| &quot;3&quot; | &quot;200&quot; | &quot;1&quot; |" time="0">
    <skipped/>
    <system-out><![CDATA[*** Iniciando os testes de API

  @CT04 @POSITIVO @GETS
  Esquema do Cenario: API para recuperar paginas dos veiculos cadastrados na webmotors # GetAPIWebMotors.feature:39
    Dado que envio um GET para o endPoint "/api/OnlineChallenge/Vehicles"
    E envio o parâmetro do numero da pagina "2"
    E deve ser retornado no Responde Code o Status Code "200"
    E valido a quantidade de veiculos "10"
    Então valido o Schema
]]></system-out>
  </testcase>
  <testcase name="E envio o parâmetro do numero da pagina &quot;3&quot;" classname="| &quot;3&quot; | &quot;200&quot; | &quot;1&quot; |" time="0">
    <skipped/>
  </testcase>
  <testcase name="E deve ser retornado no Responde Code o Status Code &quot;200&quot;" classname="| &quot;3&quot; | &quot;200&quot; | &quot;1&quot; |" time="0">
    <skipped/>
  </testcase>
  <testcase name="E valido a quantidade de veiculos &quot;1&quot;" classname="| &quot;3&quot; | &quot;200&quot; | &quot;1&quot; |" time="0">
    <skipped/>
  </testcase>
  <testcase name="Então valido o Schema" classname="| &quot;3&quot; | &quot;200&quot; | &quot;1&quot; |" time="0">
    <skipped/>
  </testcase>
  <testcase name="| &quot;3&quot; | &quot;200&quot; | &quot;1&quot; |" classname="| &quot;3&quot; | &quot;200&quot; | &quot;1&quot; |" time="0">
    <skipped/>
    <system-out><![CDATA[*** Fim dos testes
]]></system-out>
  </testcase>
  <testcase name="| &quot;3&quot; | &quot;200&quot; | &quot;1&quot; |" classname="| &quot;3&quot; | &quot;200&quot; | &quot;1&quot; |" time="0.003"/>
  <testcase name="Dado que envio um GET para o endPoint &quot;/api/OnlineChallenge/Model&quot;" classname="| &quot;/api/OnlineChallenge/Model&quot; | &quot;MakeID&quot; |" time="0">
    <skipped/>
    <system-out><![CDATA[
  @CT04 @POSITIVO @GETS
  Esquema do Cenario: API para recuperar paginas dos veiculos cadastrados na webmotors # GetAPIWebMotors.feature:40
    Dado que envio um GET para o endPoint "/api/OnlineChallenge/Vehicles"
    E envio o parâmetro do numero da pagina "3"
    E deve ser retornado no Responde Code o Status Code "200"
    E valido a quantidade de veiculos "1"
    Então valido o Schema

  @CT05 @NEGATIVO
  Esquema do Cenario: API que envia MakeID e ModelID com números inexistentes na base # GetAPIWebMotors.feature:43
    Dado que envio um GET para o endPoint <endPoint>
    E envio o parâmetro <Parametro> com valor "100"
    E o Response Code me retorna status "200"
    E valido Response Body vazio
    Então valido o Schema

    Exemplos: 
*** Iniciando os testes de API
]]></system-out>
  </testcase>
  <testcase name="E envio o parâmetro &quot;MakeID&quot; com valor &quot;100&quot;" classname="| &quot;/api/OnlineChallenge/Model&quot; | &quot;MakeID&quot; |" time="0">
    <skipped/>
  </testcase>
  <testcase name="E o Response Code me retorna status &quot;200&quot;" classname="| &quot;/api/OnlineChallenge/Model&quot; | &quot;MakeID&quot; |" time="0">
    <skipped/>
  </testcase>
  <testcase name="E valido Response Body vazio" classname="| &quot;/api/OnlineChallenge/Model&quot; | &quot;MakeID&quot; |" time="0">
    <skipped/>
  </testcase>
  <testcase name="Então valido o Schema" classname="| &quot;/api/OnlineChallenge/Model&quot; | &quot;MakeID&quot; |" time="0">
    <skipped/>
  </testcase>
  <testcase name="| &quot;/api/OnlineChallenge/Model&quot; | &quot;MakeID&quot; |" classname="| &quot;/api/OnlineChallenge/Model&quot; | &quot;MakeID&quot; |" time="0">
    <skipped/>
    <system-out><![CDATA[*** Fim dos testes
]]></system-out>
  </testcase>
  <testcase name="| &quot;/api/OnlineChallenge/Model&quot; | &quot;MakeID&quot; |" classname="| &quot;/api/OnlineChallenge/Model&quot; | &quot;MakeID&quot; |" time="0.003"/>
  <testcase name="Dado que envio um GET para o endPoint &quot;/api/OnlineChallenge/Version&quot;" classname="| &quot;/api/OnlineChallenge/Version&quot; | &quot;ModelID&quot; |" time="0">
    <skipped/>
    <system-out><![CDATA[*** Iniciando os testes de API

  @CT05 @NEGATIVO @GETS
  Esquema do Cenario: API que envia MakeID e ModelID com números inexistentes na base # GetAPIWebMotors.feature:52
    Dado que envio um GET para o endPoint "/api/OnlineChallenge/Model"
    E envio o parâmetro "MakeID" com valor "100"
    E o Response Code me retorna status "200"
    E valido Response Body vazio
    Então valido o Schema
]]></system-out>
  </testcase>
  <testcase name="E envio o parâmetro &quot;ModelID&quot; com valor &quot;100&quot;" classname="| &quot;/api/OnlineChallenge/Version&quot; | &quot;ModelID&quot; |" time="0">
    <skipped/>
  </testcase>
  <testcase name="E o Response Code me retorna status &quot;200&quot;" classname="| &quot;/api/OnlineChallenge/Version&quot; | &quot;ModelID&quot; |" time="0">
    <skipped/>
  </testcase>
  <testcase name="E valido Response Body vazio" classname="| &quot;/api/OnlineChallenge/Version&quot; | &quot;ModelID&quot; |" time="0">
    <skipped/>
  </testcase>
  <testcase name="Então valido o Schema" classname="| &quot;/api/OnlineChallenge/Version&quot; | &quot;ModelID&quot; |" time="0">
    <skipped/>
  </testcase>
  <testcase name="| &quot;/api/OnlineChallenge/Version&quot; | &quot;ModelID&quot; |" classname="| &quot;/api/OnlineChallenge/Version&quot; | &quot;ModelID&quot; |" time="0">
    <skipped/>
    <system-out><![CDATA[*** Fim dos testes
]]></system-out>
  </testcase>
  <testcase name="| &quot;/api/OnlineChallenge/Version&quot; | &quot;ModelID&quot; |" classname="| &quot;/api/OnlineChallenge/Version&quot; | &quot;ModelID&quot; |" time="0.003"/>
  <testcase name="Dado que envio um GET para o endPoint &quot;/api/OnlineChallenge/Model&quot;(| &quot;/api/OnlineChallenge/Model&quot; | &quot;MakeID&quot; | &quot;The request is invalid.&quot; | &quot;The parameters dictionary contains a null entry for parameter &apos;MakeID&apos; of non-nullable type &apos;System.Int32&apos; for method &apos;System.Collections.Generic.List`1[Swagger.Models.Model] Model" classname="Int32)&apos; in &apos;Swagger.Controllers.OnlineChallengeController&apos;. An optional parameter must be a reference type, a nullable type, or be declared as an optional parameter.&quot; |" time="0">
    <skipped/>
    <system-out><![CDATA[
  @CT05 @NEGATIVO @GETS
  Esquema do Cenario: API que envia MakeID e ModelID com números inexistentes na base # GetAPIWebMotors.feature:53
    Dado que envio um GET para o endPoint "/api/OnlineChallenge/Version"
    E envio o parâmetro "ModelID" com valor "100"
    E o Response Code me retorna status "200"
    E valido Response Body vazio
    Então valido o Schema

  @CT06 @NEGATIVO
  Esquema do Cenario: API que envia MakeID e ModelID inexistentes com letras # GetAPIWebMotors.feature:56
    Dado que envio um GET para o endPoint <endPoint>
    E envio o parâmetro <Parametro> com valor "L"
    E o Response Code me retorna status "400"
    E valido Response Body
    Então valido o Schema

    Exemplos: 
*** Iniciando os testes de API
]]></system-out>
  </testcase>
  <testcase name="E envio o parâmetro &quot;MakeID&quot; com valor &quot;L&quot;(| &quot;/api/OnlineChallenge/Model&quot; | &quot;MakeID&quot; | &quot;The request is invalid.&quot; | &quot;The parameters dictionary contains a null entry for parameter &apos;MakeID&apos; of non-nullable type &apos;System.Int32&apos; for method &apos;System.Collections.Generic.List`1[Swagger.Models.Model] Model" classname="Int32)&apos; in &apos;Swagger.Controllers.OnlineChallengeController&apos;. An optional parameter must be a reference type, a nullable type, or be declared as an optional parameter.&quot; |" time="0">
    <skipped/>
  </testcase>
  <testcase name="E o Response Code me retorna status &quot;400&quot;(| &quot;/api/OnlineChallenge/Model&quot; | &quot;MakeID&quot; | &quot;The request is invalid.&quot; | &quot;The parameters dictionary contains a null entry for parameter &apos;MakeID&apos; of non-nullable type &apos;System.Int32&apos; for method &apos;System.Collections.Generic.List`1[Swagger.Models.Model] Model" classname="Int32)&apos; in &apos;Swagger.Controllers.OnlineChallengeController&apos;. An optional parameter must be a reference type, a nullable type, or be declared as an optional parameter.&quot; |" time="0">
    <skipped/>
  </testcase>
  <testcase name="E valido Response Body(| &quot;/api/OnlineChallenge/Model&quot; | &quot;MakeID&quot; | &quot;The request is invalid.&quot; | &quot;The parameters dictionary contains a null entry for parameter &apos;MakeID&apos; of non-nullable type &apos;System.Int32&apos; for method &apos;System.Collections.Generic.List`1[Swagger.Models.Model] Model" classname="Int32)&apos; in &apos;Swagger.Controllers.OnlineChallengeController&apos;. An optional parameter must be a reference type, a nullable type, or be declared as an optional parameter.&quot; |" time="0">
    <skipped/>
  </testcase>
  <testcase name="Então valido o Schema(| &quot;/api/OnlineChallenge/Model&quot; | &quot;MakeID&quot; | &quot;The request is invalid.&quot; | &quot;The parameters dictionary contains a null entry for parameter &apos;MakeID&apos; of non-nullable type &apos;System.Int32&apos; for method &apos;System.Collections.Generic.List`1[Swagger.Models.Model] Model" classname="Int32)&apos; in &apos;Swagger.Controllers.OnlineChallengeController&apos;. An optional parameter must be a reference type, a nullable type, or be declared as an optional parameter.&quot; |" time="0">
    <skipped/>
  </testcase>
  <testcase name="| &quot;/api/OnlineChallenge/Model&quot; | &quot;MakeID&quot; | &quot;The request is invalid.&quot; | &quot;The parameters dictionary contains a null entry for parameter &apos;MakeID&apos; of non-nullable type &apos;System.Int32&apos; for method &apos;System.Collections.Generic.List`1[Swagger.Models.Model] Model" classname="| &quot;/api/OnlineChallenge/Model&quot; | &quot;MakeID&quot; | &quot;The request is invalid.&quot; | &quot;The parameters dictionary contains a null entry for parameter &apos;MakeID&apos; of non-nullable type &apos;System.Int32&apos; for method &apos;System.Collections.Generic.List`1[Swagger.Models.Model] Model(Int32)&apos; in &apos;Swagger.Controllers.OnlineChallengeController&apos;. An optional parameter must be a reference type, a nullable type, or be declared as an optional parameter.&quot; |" time="0">
    <skipped/>
    <system-out><![CDATA[*** Fim dos testes
]]></system-out>
  </testcase>
  <testcase name="| &quot;/api/OnlineChallenge/Model&quot; | &quot;MakeID&quot; | &quot;The request is invalid.&quot; | &quot;The parameters dictionary contains a null entry for parameter &apos;MakeID&apos; of non-nullable type &apos;System.Int32&apos; for method &apos;System.Collections.Generic.List`1[Swagger.Models.Model] Model" classname="| &quot;/api/OnlineChallenge/Model&quot; | &quot;MakeID&quot; | &quot;The request is invalid.&quot; | &quot;The parameters dictionary contains a null entry for parameter &apos;MakeID&apos; of non-nullable type &apos;System.Int32&apos; for method &apos;System.Collections.Generic.List`1[Swagger.Models.Model] Model(Int32)&apos; in &apos;Swagger.Controllers.OnlineChallengeController&apos;. An optional parameter must be a reference type, a nullable type, or be declared as an optional parameter.&quot; |" time="0.004"/>
  <testcase name="Dado que envio um GET para o endPoint &quot;/api/OnlineChallenge/Version&quot;(| &quot;/api/OnlineChallenge/Version&quot; | &quot;ModelID&quot; | &quot;The request is invalid.&quot; | &quot;The parameters dictionary contains a null entry for parameter &apos;ModelID&apos; of non-nullable type &apos;System.Int32&apos; for method &apos;System.Collections.Generic.List`1[Swagger.Models.Version] Version" classname="Int32)&apos; in &apos;Swagger.Controllers.OnlineChallengeController&apos;. An optional parameter must be a reference type, a nullable type, or be declared as an optional parameter.&quot; |" time="0">
    <skipped/>
    <system-out><![CDATA[*** Iniciando os testes de API

  @CT06 @NEGATIVO @GETS
  Esquema do Cenario: API que envia MakeID e ModelID inexistentes com letras # GetAPIWebMotors.feature:65
    Dado que envio um GET para o endPoint "/api/OnlineChallenge/Model"
    E envio o parâmetro "MakeID" com valor "L"
    E o Response Code me retorna status "400"
    E valido Response Body
    Então valido o Schema
]]></system-out>
  </testcase>
  <testcase name="E envio o parâmetro &quot;ModelID&quot; com valor &quot;L&quot;(| &quot;/api/OnlineChallenge/Version&quot; | &quot;ModelID&quot; | &quot;The request is invalid.&quot; | &quot;The parameters dictionary contains a null entry for parameter &apos;ModelID&apos; of non-nullable type &apos;System.Int32&apos; for method &apos;System.Collections.Generic.List`1[Swagger.Models.Version] Version" classname="Int32)&apos; in &apos;Swagger.Controllers.OnlineChallengeController&apos;. An optional parameter must be a reference type, a nullable type, or be declared as an optional parameter.&quot; |" time="0">
    <skipped/>
  </testcase>
  <testcase name="E o Response Code me retorna status &quot;400&quot;(| &quot;/api/OnlineChallenge/Version&quot; | &quot;ModelID&quot; | &quot;The request is invalid.&quot; | &quot;The parameters dictionary contains a null entry for parameter &apos;ModelID&apos; of non-nullable type &apos;System.Int32&apos; for method &apos;System.Collections.Generic.List`1[Swagger.Models.Version] Version" classname="Int32)&apos; in &apos;Swagger.Controllers.OnlineChallengeController&apos;. An optional parameter must be a reference type, a nullable type, or be declared as an optional parameter.&quot; |" time="0">
    <skipped/>
  </testcase>
  <testcase name="E valido Response Body(| &quot;/api/OnlineChallenge/Version&quot; | &quot;ModelID&quot; | &quot;The request is invalid.&quot; | &quot;The parameters dictionary contains a null entry for parameter &apos;ModelID&apos; of non-nullable type &apos;System.Int32&apos; for method &apos;System.Collections.Generic.List`1[Swagger.Models.Version] Version" classname="Int32)&apos; in &apos;Swagger.Controllers.OnlineChallengeController&apos;. An optional parameter must be a reference type, a nullable type, or be declared as an optional parameter.&quot; |" time="0">
    <skipped/>
  </testcase>
  <testcase name="Então valido o Schema(| &quot;/api/OnlineChallenge/Version&quot; | &quot;ModelID&quot; | &quot;The request is invalid.&quot; | &quot;The parameters dictionary contains a null entry for parameter &apos;ModelID&apos; of non-nullable type &apos;System.Int32&apos; for method &apos;System.Collections.Generic.List`1[Swagger.Models.Version] Version" classname="Int32)&apos; in &apos;Swagger.Controllers.OnlineChallengeController&apos;. An optional parameter must be a reference type, a nullable type, or be declared as an optional parameter.&quot; |" time="0">
    <skipped/>
  </testcase>
  <testcase name="| &quot;/api/OnlineChallenge/Version&quot; | &quot;ModelID&quot; | &quot;The request is invalid.&quot; | &quot;The parameters dictionary contains a null entry for parameter &apos;ModelID&apos; of non-nullable type &apos;System.Int32&apos; for method &apos;System.Collections.Generic.List`1[Swagger.Models.Version] Version" classname="| &quot;/api/OnlineChallenge/Version&quot; | &quot;ModelID&quot; | &quot;The request is invalid.&quot; | &quot;The parameters dictionary contains a null entry for parameter &apos;ModelID&apos; of non-nullable type &apos;System.Int32&apos; for method &apos;System.Collections.Generic.List`1[Swagger.Models.Version] Version(Int32)&apos; in &apos;Swagger.Controllers.OnlineChallengeController&apos;. An optional parameter must be a reference type, a nullable type, or be declared as an optional parameter.&quot; |" time="0">
    <skipped/>
    <system-out><![CDATA[*** Fim dos testes
]]></system-out>
  </testcase>
  <testcase name="| &quot;/api/OnlineChallenge/Version&quot; | &quot;ModelID&quot; | &quot;The request is invalid.&quot; | &quot;The parameters dictionary contains a null entry for parameter &apos;ModelID&apos; of non-nullable type &apos;System.Int32&apos; for method &apos;System.Collections.Generic.List`1[Swagger.Models.Version] Version" classname="| &quot;/api/OnlineChallenge/Version&quot; | &quot;ModelID&quot; | &quot;The request is invalid.&quot; | &quot;The parameters dictionary contains a null entry for parameter &apos;ModelID&apos; of non-nullable type &apos;System.Int32&apos; for method &apos;System.Collections.Generic.List`1[Swagger.Models.Version] Version(Int32)&apos; in &apos;Swagger.Controllers.OnlineChallengeController&apos;. An optional parameter must be a reference type, a nullable type, or be declared as an optional parameter.&quot; |" time="0.003"/>
</testsuite>